<?xml version="1.0" encoding="UTF-8"?>
<!-- Generated by org.testng.reporters.JUnitReportReporter -->
<testsuite hostname="LTIN486505" failures="0" tests="7" name="testFiles.worldClockTest" time="70.685" errors="0" timestamp="2024-04-02T12:08:16 IST" skipped="0">
  <testcase classname="testFiles.worldClockTest" name="verifyUser" time="11.718"/>
  <testcase classname="testFiles.worldClockTest" name="verifyWorldClockText" time="3.190"/>
  <testcase classname="testFiles.worldClockTest" name="validateBangloreTimeZone" time="3.336"/>
  <testcase classname="testFiles.worldClockTest" name="validateLondonTimeZone" time="6.264"/>
  <testcase classname="testFiles.worldClockTest" name="validateNewYorkTimeZone" time="4.466"/>
  <testcase classname="testFiles.worldClockTest" name="validateHotApps" time="27.379"/>
  <testcase classname="testFiles.worldClockTest" name="validateRandomApp" time="14.332"/>
</testsuite> <!-- testFiles.worldClockTest -->
